<?xml version="1.0" encoding="UTF-8"?>
<!-- Generated by org.testng.reporters.JUnitReportReporter -->
<testsuite hostname="Darren-Thinkpad" name="com.gmail.GmailLogin" tests="3" failures="0" timestamp="7 Feb 2018 19:54:17 GMT" time="4.915" errors="0">
  <testcase name="enterPassWord" time="4.105" classname="com.gmail.GmailLogin"/>
  <testcase name="verifyLoginTitle" time="0.166" classname="com.gmail.GmailLogin"/>
  <testcase name="enterUserName" time="0.644" classname="com.gmail.GmailLogin"/>
</testsuite> <!-- com.gmail.GmailLogin -->
