<?xml version="1.0" encoding="UTF-8"?>
<!-- Generated by org.testng.reporters.JUnitReportReporter -->
<testsuite hostname="Darren-Thinkpad" name="com.koodo.KoodoLogin" tests="3" failures="0" timestamp="6 Feb 2018 15:29:58 GMT" time="4.901" errors="0">
  <testcase name="enterCredential" time="2.583" classname="com.koodo.KoodoLogin"/>
  <testcase name="verifyTitle" time="0.782" classname="com.koodo.KoodoLogin"/>
  <testcase name="goToLoginPage" time="1.536" classname="com.koodo.KoodoLogin"/>
</testsuite> <!-- com.koodo.KoodoLogin -->
