<?xml version="1.0" encoding="UTF-8"?>
<!-- Generated by org.testng.reporters.JUnitReportReporter -->
<testsuite hostname="Darren-Thinkpad" name="com.koodo.phonePage" tests="2" failures="0" timestamp="6 Feb 2018 20:14:19 GMT" time="6.415" errors="0">
  <testcase name="goToPhonePage" time="6.130" classname="com.koodo.phonePage"/>
  <testcase name="clickOnFilter" time="0.285" classname="com.koodo.phonePage"/>
</testsuite> <!-- com.koodo.phonePage -->
